<?xml version="1.0" encoding="UTF-8"?>
<testng-results ignored="0" total="1" passed="1" failed="0" skipped="0">
  <reporter-output>
  </reporter-output>
  <suite started-at="2025-11-10T19:05:44 IST" name="Suite" finished-at="2025-11-10T19:05:52 IST" duration-ms="7369">
    <groups>
    </groups>
    <test started-at="2025-11-10T19:05:44 IST" name="Test" finished-at="2025-11-10T19:05:52 IST" duration-ms="7369">
      <class name="testCases.TC_001_AccountRegistrationTest">
        <test-method is-config="true" signature="setUp(java.lang.String,java.lang.String)[pri:0, instance:testCases.TC_001_AccountRegistrationTest@5a709816]" started-at="2025-11-10T19:05:44 IST" name="setUp" finished-at="2025-11-10T19:05:50 IST" duration-ms="5337" status="PASS">
          <params>
            <param index="0">
              <value>
                <![CDATA[windows]]>
              </value>
            </param>
            <param index="1">
              <value>
                <![CDATA[chrome]]>
              </value>
            </param>
          </params>
          <reporter-output>
          </reporter-output>
        </test-method> <!-- setUp -->
        <test-method signature="verifyAccountRegistration()[pri:0, instance:testCases.TC_001_AccountRegistrationTest@5a709816]" started-at="2025-11-10T19:05:50 IST" name="verifyAccountRegistration" finished-at="2025-11-10T19:05:52 IST" duration-ms="1852" status="PASS">
          <reporter-output>
          </reporter-output>
        </test-method> <!-- verifyAccountRegistration -->
        <test-method is-config="true" signature="tearDown()[pri:0, instance:testCases.TC_001_AccountRegistrationTest@5a709816]" started-at="2025-11-10T19:05:52 IST" name="tearDown" finished-at="2025-11-10T19:05:52 IST" duration-ms="155" status="PASS">
          <reporter-output>
          </reporter-output>
        </test-method> <!-- tearDown -->
      </class> <!-- testCases.TC_001_AccountRegistrationTest -->
    </test> <!-- Test -->
  </suite> <!-- Suite -->
</testng-results>
