<?xml version="1.0" encoding="UTF-8"?>
<testng-results ignored="0" total="1" passed="1" failed="0" skipped="0">
  <reporter-output>
  </reporter-output>
  <suite started-at="2025-11-09T19:47:42 IST" name="Suite" finished-at="2025-11-09T19:47:50 IST" duration-ms="7887">
    <groups>
    </groups>
    <test started-at="2025-11-09T19:47:42 IST" name="Test" finished-at="2025-11-09T19:47:50 IST" duration-ms="7887">
      <class name="testCases.TC_001_AccountRegistrationTest">
        <test-method is-config="true" signature="setUp(java.lang.String,java.lang.String)[pri:0, instance:testCases.TC_001_AccountRegistrationTest@3a1dd365]" started-at="2025-11-09T19:47:42 IST" name="setUp" finished-at="2025-11-09T19:47:47 IST" duration-ms="5140" status="PASS">
          <params>
            <param index="0">
              <value>
                <![CDATA[windows]]>
              </value>
            </param>
            <param index="1">
              <value>
                <![CDATA[chrome]]>
              </value>
            </param>
          </params>
          <reporter-output>
          </reporter-output>
        </test-method> <!-- setUp -->
        <test-method signature="verifyAccountRegistration()[pri:0, instance:testCases.TC_001_AccountRegistrationTest@3a1dd365]" started-at="2025-11-09T19:47:47 IST" name="verifyAccountRegistration" finished-at="2025-11-09T19:47:49 IST" duration-ms="2359" status="PASS">
          <reporter-output>
          </reporter-output>
        </test-method> <!-- verifyAccountRegistration -->
        <test-method is-config="true" signature="tearDown()[pri:0, instance:testCases.TC_001_AccountRegistrationTest@3a1dd365]" started-at="2025-11-09T19:47:49 IST" name="tearDown" finished-at="2025-11-09T19:47:50 IST" duration-ms="149" status="PASS">
          <reporter-output>
          </reporter-output>
        </test-method> <!-- tearDown -->
      </class> <!-- testCases.TC_001_AccountRegistrationTest -->
    </test> <!-- Test -->
  </suite> <!-- Suite -->
</testng-results>
